{
  "RSpec": {
    "coverage": {
      "/app/spec/models/user_spec.rb": {
        "lines": [
          null,
          null,
          1,
          null,
          1,
          1,
          3,
          1,
          1,
          1,
          1,
          1,
          null,
          null,
          1,
          1,
          1,
          1,
          1,
          1,
          1,
          null,
          null,
          1,
          1,
          1,
          null,
          null,
          null,
          null,
          1,
          1,
          null,
          null,
          null,
          1,
          7,
          1,
          1,
          1,
          1,
          1,
          null,
          1,
          1,
          1,
          1,
          1,
          1,
          1,
          1,
          1,
          null,
          null,
          1,
          1,
          null,
          null,
          null,
          null,
          null,
          null,
          null,
          1,
          6,
          null,
          6,
          null,
          null,
          1,
          1,
          null,
          null,
          null,
          null,
          null,
          null,
          null,
          null,
          null,
          null,
          null,
          null,
          null,
          null,
          1,
          13,
          13,
          13,
          13,
          null,
          null,
          null,
          1,
          1,
          1,
          1,
          1,
          null,
          null,
          1,
          5,
          2,
          1,
          1,
          1,
          1,
          3,
          null,
          null,
          null,
          null,
          1,
          2,
          1,
          1,
          1,
          null,
          null,
          1,
          1,
          1,
          1,
          1,
          1,
          null,
          null,
          null,
          1,
          3,
          2,
          2,
          2,
          1,
          2,
          null,
          null,
          1,
          1,
          1,
          1,
          null,
          null,
          1,
          1,
          1,
          1,
          1,
          1,
          null,
          null,
          null,
          1,
          1,
          1,
          1,
          1,
          1,
          null,
          null,
          1,
          1,
          1,
          1,
          1,
          1,
          null,
          null,
          1,
          1,
          1,
          1,
          1,
          1,
          null,
          null,
          1,
          1,
          null,
          null,
          null,
          null,
          null,
          null,
          null,
          1,
          6,
          6,
          null,
          null,
          1,
          null,
          null,
          null,
          null,
          null,
          null,
          null,
          1,
          1,
          6,
          6,
          6,
          null,
          null,
          null,
          null,
          null,
          null
        ]
      },
      "/app/spec/rails_helper.rb": {
        "lines": [
          null,
          null,
          null,
          1,
          1,
          1,
          null,
          1,
          1,
          null,
          null,
          null,
          null,
          null,
          null,
          null,
          null,
          null,
          null,
          null,
          null,
          null,
          null,
          null,
          2,
          null,
          null,
          null,
          null,
          1,
          null,
          0,
          0,
          null,
          1,
          1,
          1,
          null,
          null,
          1,
          null,
          null,
          1,
          null,
          null,
          null,
          null,
          1,
          null,
          null,
          null,
          null,
          null,
          null,
          null,
          null,
          null,
          null,
          null,
          null,
          null,
          null,
          null,
          null,
          null,
          1,
          null,
          null,
          1,
          null,
          null,
          null,
          1,
          null
        ]
      },
      "/app/config/environment.rb": {
        "lines": [
          null,
          null,
          null,
          1,
          null,
          null,
          1
        ]
      },
      "/app/config/application.rb": {
        "lines": [
          null,
          null,
          1,
          null,
          1,
          null,
          null,
          null,
          1,
          null,
          1,
          null,
          1,
          null,
          1,
          null,
          null,
          null,
          null,
          null,
          null,
          null,
          null,
          null,
          null,
          null,
          1,
          null,
          1,
          null,
          1,
          null,
          null,
          1,
          null,
          null,
          null,
          null,
          1,
          null,
          null,
          1,
          null,
          null,
          1,
          null,
          null
        ]
      },
      "/app/config/boot.rb": {
        "lines": [
          null,
          null,
          1,
          null,
          1,
          1
        ]
      },
      "/app/config/environments/test.rb": {
        "lines": [
          null,
          null,
          1,
          null,
          null,
          null,
          null,
          null,
          null,
          1,
          null,
          null,
          null,
          1,
          null,
          null,
          null,
          null,
          1,
          null,
          null,
          1,
          1,
          null,
          null,
          null,
          null,
          1,
          1,
          1,
          null,
          null,
          1,
          null,
          null,
          1,
          null,
          null,
          1,
          null,
          1,
          null,
          null,
          null,
          null,
          1,
          null,
          null,
          1,
          null,
          null,
          1,
          null,
          null,
          1,
          null,
          null,
          null,
          null,
          null,
          null,
          null
        ]
      },
      "/app/config/initializers/cors.rb": {
        "lines": [
          null,
          null,
          null,
          null,
          null,
          null,
          null,
          null,
          null,
          1,
          1,
          1,
          null,
          1,
          null,
          null,
          null,
          null,
          null,
          null,
          null
        ]
      },
      "/app/config/initializers/filter_parameter_logging.rb": {
        "lines": [
          null,
          null,
          null,
          null,
          null,
          null,
          null,
          1,
          null,
          null
        ]
      },
      "/app/config/initializers/inflections.rb": {
        "lines": [
          null,
          null,
          null,
          null,
          null,
          null,
          null,
          null,
          null,
          null,
          null,
          null,
          null,
          null,
          null,
          null,
          null
        ]
      },
      "/app/config/initializers/user_auth.rb": {
        "lines": [
          null,
          null,
          null,
          1,
          null,
          1,
          1,
          null,
          null,
          null,
          1,
          1,
          null,
          null,
          1,
          1,
          null,
          null,
          1,
          1,
          null,
          null,
          1,
          1,
          null,
          null,
          1,
          1,
          null,
          null,
          1,
          1,
          null,
          null,
          1,
          1,
          null,
          null,
          1,
          1,
          null,
          null,
          1,
          1,
          null
        ]
      },
      "/app/config/routes.rb": {
        "lines": [
          null,
          null,
          1,
          null,
          null,
          null,
          null,
          1,
          1,
          null,
          1,
          1,
          1,
          null,
          null,
          1,
          null,
          null,
          null
        ]
      },
      "/app/spec/support/spec_helper.rb": {
        "lines": [
          null,
          null,
          null,
          1,
          1,
          74,
          null,
          null,
          null,
          1,
          62,
          null,
          null,
          null,
          1,
          3,
          null,
          null,
          null,
          1,
          39,
          null,
          null,
          null,
          1,
          4,
          null,
          null,
          null,
          1,
          20,
          null,
          null,
          null,
          1,
          15,
          null,
          null,
          null,
          1,
          3,
          null,
          null
        ]
      },
      "/app/app/models/user.rb": {
        "lines": [
          null,
          null,
          1,
          null,
          null,
          1,
          1,
          1,
          null,
          null,
          null,
          null,
          null,
          null,
          null,
          null,
          null,
          1,
          null,
          null,
          1,
          null,
          null,
          null,
          null,
          null,
          1,
          null,
          null,
          null,
          null,
          null,
          1,
          1,
          null,
          null,
          null,
          null,
          null,
          null,
          null,
          null,
          null,
          null,
          1,
          null,
          1,
          161,
          null,
          null,
          null,
          null,
          null,
          1,
          122,
          122,
          null,
          null,
          null,
          1,
          53,
          null,
          null,
          null,
          1,
          3,
          null,
          null,
          null,
          1,
          41,
          null,
          null,
          1,
          null,
          null,
          1,
          123,
          null,
          null
        ]
      },
      "/app/lib/validator/email_validator.rb": {
        "lines": [
          null,
          null,
          null,
          1,
          1,
          null,
          122,
          122,
          null,
          122,
          122,
          null,
          122,
          null,
          null
        ]
      },
      "/app/app/models/application_record.rb": {
        "lines": [
          null,
          null,
          null,
          1,
          1,
          null
        ]
      },
      "/app/app/services/token_generate_service.rb": {
        "lines": [
          null,
          null,
          null,
          1,
          null,
          1,
          null,
          1,
          null,
          null,
          null,
          1,
          null,
          1,
          5,
          null,
          null,
          null,
          1,
          3,
          null,
          null,
          null,
          1,
          16,
          null,
          null,
          null,
          1,
          12,
          null,
          null,
          null,
          null,
          null,
          null,
          1,
          41,
          null,
          null,
          null,
          1,
          0,
          null,
          null,
          null,
          1,
          41,
          null,
          null,
          null,
          1,
          0,
          null,
          null
        ]
      },
      "/app/spec/requests/access_tokens_spec.rb": {
        "lines": [
          null,
          null,
          1,
          null,
          1,
          20,
          20,
          20,
          20,
          1,
          1,
          1,
          1,
          1,
          1,
          1,
          null,
          1,
          1,
          1,
          null,
          1,
          1,
          1,
          null,
          1,
          1,
          1,
          null,
          null,
          null,
          1,
          1,
          4,
          4,
          1,
          1,
          null,
          1,
          1,
          1,
          1,
          1,
          null,
          1,
          1,
          null,
          null,
          null,
          1,
          1,
          8,
          8,
          8,
          1,
          1,
          null,
          1,
          1,
          1,
          1,
          1,
          1,
          1,
          1,
          1,
          null,
          1,
          1,
          1,
          null,
          null,
          1,
          1,
          2,
          null,
          null,
          1,
          2,
          null,
          1,
          1,
          2,
          null,
          1,
          1,
          2,
          null,
          null,
          null,
          1,
          1,
          4,
          4,
          1,
          1,
          1,
          1,
          null,
          1,
          1,
          null,
          1,
          1,
          1,
          null,
          null,
          null,
          null,
          1,
          1,
          1,
          2,
          null,
          3,
          3,
          1,
          1,
          null,
          1,
          1,
          null,
          null,
          null,
          null
        ]
      },
      "/app/spec/requests/api/v1/auth_token_spec.rb": {
        "lines": [
          null,
          null,
          1,
          null,
          null,
          null,
          null,
          null,
          1,
          34,
          34,
          34,
          34,
          34,
          34,
          null,
          null,
          1,
          null,
          null,
          null,
          1,
          4,
          4,
          4,
          4,
          4,
          null,
          null,
          null,
          1,
          1,
          3,
          2,
          3,
          2,
          null,
          4,
          null,
          4,
          4,
          null,
          1,
          12,
          null,
          null,
          1,
          1,
          null,
          null,
          1,
          1,
          1,
          null,
          null,
          1,
          1,
          null,
          null,
          1,
          1,
          null,
          null,
          1,
          1,
          null,
          null,
          1,
          1,
          null,
          null,
          1,
          1,
          null,
          null,
          1,
          null,
          1,
          null,
          null,
          1,
          1,
          null,
          null,
          1,
          4,
          1,
          1,
          null,
          null,
          1,
          1,
          null,
          null,
          1,
          1,
          null,
          null,
          null,
          null,
          null,
          1,
          3,
          1,
          2,
          null,
          2,
          null,
          1,
          1,
          null,
          null,
          1,
          2,
          2,
          null,
          2,
          null,
          1,
          1,
          1,
          null,
          null,
          null,
          1,
          1,
          1,
          null,
          null,
          1,
          1,
          null,
          null,
          null,
          1,
          1,
          1,
          6,
          6,
          6,
          6,
          6,
          null,
          null,
          1,
          1,
          null,
          1,
          1,
          1,
          1,
          null,
          null,
          1,
          2,
          1,
          4,
          4,
          4,
          4,
          4,
          null,
          null,
          1,
          1,
          null,
          null,
          1,
          1,
          1,
          1,
          null,
          null,
          1,
          1,
          1,
          1,
          null,
          null,
          1,
          1,
          null,
          null,
          null,
          null,
          null,
          1,
          1,
          6,
          null,
          null,
          1,
          1,
          null,
          null,
          1,
          1,
          5,
          5,
          5,
          5,
          5,
          null,
          1,
          1,
          null,
          1,
          5,
          1,
          1,
          null,
          1,
          1,
          null,
          1,
          1,
          null,
          1,
          1,
          1,
          1,
          1,
          null,
          null,
          null,
          null,
          null,
          null,
          1,
          1,
          1,
          5,
          1,
          1,
          1,
          1,
          1,
          1,
          null,
          null,
          1,
          3,
          1,
          1,
          1,
          null,
          null,
          1,
          1,
          1,
          null,
          null,
          1,
          1,
          1,
          1,
          null,
          null,
          1,
          1,
          null,
          null,
          null,
          null,
          1,
          3,
          null,
          1,
          1,
          1,
          1,
          null,
          null,
          1,
          1,
          1,
          1,
          1,
          null,
          null,
          null,
          null,
          null,
          null
        ]
      },
      "/app/spec/requests/api/v1/projects_spec.rb": {
        "lines": [
          null,
          null,
          1,
          null,
          1,
          1,
          1,
          null,
          null
        ]
      },
      "/app/spec/requests/api/v1/users_spec.rb": {
        "lines": [
          null,
          null,
          1,
          null,
          null,
          1,
          1,
          1,
          1,
          0,
          null,
          1,
          0,
          0,
          0,
          0,
          0,
          null,
          null,
          null
        ]
      },
      "/app/spec/requests/authentications_spec.rb": {
        "lines": [
          null,
          null,
          1,
          null,
          1,
          1,
          4,
          4,
          2,
          2,
          4,
          4,
          2,
          null,
          1,
          1,
          3,
          null,
          null,
          1,
          1,
          1,
          1,
          null,
          null,
          1,
          1,
          1,
          1,
          1,
          1,
          1,
          null,
          null,
          null,
          1,
          1,
          1,
          1,
          null,
          null,
          null,
          null,
          null,
          null,
          null,
          null
        ]
      },
      "/app/spec/requests/refresh_tokens_spec.rb": {
        "lines": [
          null,
          null,
          1,
          null,
          1,
          12,
          12,
          12,
          12,
          12,
          1,
          1,
          1,
          null,
          1,
          null,
          1,
          1,
          1,
          1,
          null,
          null,
          1,
          1,
          1,
          null,
          null,
          1,
          1,
          4,
          null,
          1,
          1,
          null,
          1,
          1,
          1,
          1,
          null,
          1,
          1,
          2,
          null,
          null,
          1,
          1,
          2,
          null,
          null,
          1,
          1,
          4,
          null,
          null,
          1,
          1,
          null,
          1,
          1,
          null,
          1,
          1,
          2,
          null,
          1,
          1,
          1,
          1,
          2,
          null,
          null,
          null
        ]
      },
      "/app/db/seeds.rb": {
        "lines": [
          null,
          null,
          1,
          null,
          null,
          null,
          1,
          1,
          null,
          null,
          1,
          null,
          1,
          1,
          null
        ]
      },
      "/app/db/seeds/development/users.rb": {
        "lines": [
          null,
          null,
          1,
          10,
          10,
          null,
          null,
          null,
          10,
          null,
          10,
          null,
          10,
          10,
          10,
          null,
          null,
          1
        ]
      },
      "/app/app/services/user_auth/access_token.rb": {
        "lines": [
          null,
          null,
          1,
          null,
          1,
          null,
          1,
          1,
          null,
          1,
          null,
          null,
          1,
          87,
          null,
          23,
          23,
          23,
          16,
          null,
          null,
          64,
          64,
          64,
          64,
          null,
          null,
          null,
          null,
          null,
          1,
          6,
          null,
          null,
          null,
          1,
          1,
          1,
          null,
          null,
          1,
          null,
          null,
          null,
          null,
          1,
          190,
          null,
          null,
          null,
          1,
          95,
          null,
          null,
          null,
          1,
          190,
          null,
          null,
          null,
          1,
          95,
          null,
          null,
          null,
          1,
          64,
          null,
          null,
          null,
          1,
          65,
          null,
          null,
          null,
          null,
          null,
          1,
          64,
          64,
          64,
          64,
          64,
          64,
          null,
          null,
          null,
          null,
          null,
          null,
          1,
          62,
          null,
          null,
          null,
          1,
          31,
          null,
          null,
          null,
          null,
          null,
          1,
          null,
          31,
          null,
          null,
          null,
          null,
          null,
          null,
          null,
          null,
          null,
          null,
          null
        ]
      },
      "/app/app/services/user_auth/token_commons.rb": {
        "lines": [
          null,
          null,
          1,
          null,
          1,
          null,
          1,
          173,
          null,
          null,
          null,
          1,
          55,
          null,
          null,
          null,
          1,
          299,
          null,
          null,
          null,
          1,
          186,
          null,
          null,
          null,
          1,
          66,
          null,
          null,
          null,
          null,
          null,
          null,
          1,
          158,
          158,
          158,
          158,
          null,
          null,
          null,
          1,
          118,
          null,
          114,
          null,
          null,
          null,
          1,
          45,
          null,
          44,
          null,
          1,
          null,
          null,
          null,
          null,
          1,
          null,
          118,
          null,
          null,
          null,
          null,
          null
        ]
      },
      "/app/app/controllers/api/v1/auth_token_controller.rb": {
        "lines": [
          null,
          null,
          1,
          1,
          null,
          1,
          1,
          null,
          null,
          1,
          null,
          1,
          null,
          null,
          1,
          null,
          1,
          null,
          1,
          null,
          null,
          1,
          37,
          37,
          37,
          null,
          null,
          null,
          1,
          4,
          4,
          4,
          null,
          null,
          null,
          1,
          2,
          2,
          2,
          null,
          0,
          null,
          null,
          null,
          1,
          null,
          null,
          1,
          114,
          null,
          null,
          null,
          1,
          39,
          null,
          2,
          null,
          null,
          null,
          null,
          1,
          41,
          null,
          null,
          null,
          null,
          null,
          null,
          null,
          null,
          1,
          null,
          41,
          null,
          null,
          null,
          null,
          null,
          null,
          1,
          82,
          null,
          null,
          null,
          1,
          41,
          null,
          null,
          null,
          1,
          41,
          null,
          null,
          null,
          1,
          123,
          null,
          null,
          null,
          1,
          41,
          null,
          null,
          null,
          1,
          41,
          null,
          null,
          null,
          1,
          41,
          null,
          null,
          null,
          null,
          1,
          2,
          null,
          null,
          null,
          1,
          4,
          4,
          null,
          null,
          1,
          77,
          null,
          null,
          null,
          null
        ]
      },
      "/app/app/controllers/application_controller.rb": {
        "lines": [
          null,
          null,
          null,
          1,
          null,
          1,
          null,
          1,
          null,
          1,
          null,
          null,
          1,
          null,
          1,
          null,
          null,
          1,
          null,
          62,
          null,
          1,
          null,
          null,
          null,
          1,
          0,
          null,
          null,
          null,
          1,
          62,
          62,
          null,
          null,
          null,
          1,
          0,
          null,
          null
        ]
      },
      "/app/app/services/user_authenticate_service.rb": {
        "lines": [
          null,
          null,
          null,
          1,
          null,
          null,
          1,
          0,
          null,
          null,
          null,
          null,
          null,
          null,
          1,
          3,
          null,
          null,
          1,
          null,
          null,
          1,
          17,
          null,
          null,
          null,
          1,
          3,
          null,
          null,
          2,
          null,
          null,
          null,
          1,
          14,
          null,
          14,
          null,
          null,
          null,
          1,
          2,
          2,
          null,
          null
        ]
      },
      "/app/app/services/user_sessionize_service.rb": {
        "lines": [
          null,
          null,
          null,
          1,
          null,
          1,
          19,
          null,
          null,
          null,
          1,
          132,
          null,
          null,
          null,
          1,
          52,
          null,
          null,
          1,
          null,
          null,
          1,
          37,
          null,
          null,
          null,
          1,
          12,
          null,
          null,
          4,
          null,
          null,
          2,
          null,
          null,
          null,
          1,
          25,
          null,
          18,
          null,
          null,
          null,
          1,
          4,
          4,
          null,
          null,
          null,
          1,
          9,
          9,
          null,
          null
        ]
      },
      "/app/app/services/user_auth/refresh_token.rb": {
        "lines": [
          null,
          null,
          1,
          null,
          1,
          null,
          1,
          1,
          null,
          1,
          null,
          1,
          84,
          null,
          31,
          null,
          31,
          22,
          null,
          null,
          53,
          53,
          53,
          53,
          null,
          null,
          null,
          null,
          1,
          37,
          37,
          null,
          null,
          1,
          null,
          null,
          1,
          53,
          null,
          null,
          null,
          1,
          53,
          null,
          null,
          null,
          null,
          null,
          1,
          53,
          null,
          null,
          null,
          1,
          null,
          53,
          null,
          null,
          null,
          null,
          null,
          null,
          1,
          52,
          null,
          null,
          null,
          1,
          53,
          null,
          null,
          null,
          null,
          null,
          1,
          28,
          28,
          28,
          null,
          0,
          null,
          null,
          null,
          null,
          null,
          1,
          null,
          32,
          null,
          28,
          null,
          null,
          null,
          null,
          null,
          null
        ]
      },
      "/app/app/controllers/api/v1/projects_controller.rb": {
        "lines": [
          null,
          null,
          1,
          1,
          null,
          1,
          1,
          null,
          1,
          1,
          1,
          1,
          10,
          10,
          10,
          10,
          null,
          null,
          1,
          null,
          null,
          null,
          null
        ]
      }
    },
    "timestamp": 1679172704
  }
}
