<?xml version='1.0'?> 
<!DOCTYPE coverage SYSTEM "http://cobertura.sourceforge.net/xml/coverage-04.dtd">
<!-- Generated by simplecov-cobertura version 2.1.0 (https://github.com/dashingrocket/simplecov-cobertura) -->
<coverage line-rate="0.98" lines-covered="855" lines-valid="870" complexity="0" version="0" timestamp="1679172704">
  <sources>
    <source>/app</source>
  </sources>
  <packages>
    <package name="app" line-rate="0.98" complexity="0">
      <classes>
        <class name="auth_token_controller" filename="app/controllers/api/v1/auth_token_controller.rb" line-rate="0.98" complexity="0">
          <methods/>
          <lines>
            <line number="3" hits="1"/>
            <line number="4" hits="1"/>
            <line number="6" hits="1"/>
            <line number="7" hits="1"/>
            <line number="10" hits="1"/>
            <line number="12" hits="1"/>
            <line number="15" hits="1"/>
            <line number="17" hits="1"/>
            <line number="19" hits="1"/>
            <line number="22" hits="1"/>
            <line number="23" hits="37"/>
            <line number="24" hits="37"/>
            <line number="25" hits="37"/>
            <line number="29" hits="1"/>
            <line number="30" hits="4"/>
            <line number="31" hits="4"/>
            <line number="32" hits="4"/>
            <line number="36" hits="1"/>
            <line number="37" hits="2"/>
            <line number="38" hits="2"/>
            <line number="39" hits="2"/>
            <line number="41" hits="0"/>
            <line number="45" hits="1"/>
            <line number="48" hits="1"/>
            <line number="49" hits="114"/>
            <line number="53" hits="1"/>
            <line number="54" hits="39"/>
            <line number="56" hits="2"/>
            <line number="61" hits="1"/>
            <line number="62" hits="41"/>
            <line number="71" hits="1"/>
            <line number="73" hits="41"/>
            <line number="80" hits="1"/>
            <line number="81" hits="82"/>
            <line number="85" hits="1"/>
            <line number="86" hits="41"/>
            <line number="90" hits="1"/>
            <line number="91" hits="41"/>
            <line number="95" hits="1"/>
            <line number="96" hits="123"/>
            <line number="100" hits="1"/>
            <line number="101" hits="41"/>
            <line number="105" hits="1"/>
            <line number="106" hits="41"/>
            <line number="110" hits="1"/>
            <line number="111" hits="41"/>
            <line number="116" hits="1"/>
            <line number="117" hits="2"/>
            <line number="121" hits="1"/>
            <line number="122" hits="4"/>
            <line number="123" hits="4"/>
            <line number="126" hits="1"/>
            <line number="127" hits="77"/>
          </lines>
        </class>
        <class name="projects_controller" filename="app/controllers/api/v1/projects_controller.rb" line-rate="1.0" complexity="0">
          <methods/>
          <lines>
            <line number="3" hits="1"/>
            <line number="4" hits="1"/>
            <line number="6" hits="1"/>
            <line number="7" hits="1"/>
            <line number="9" hits="1"/>
            <line number="10" hits="1"/>
            <line number="11" hits="1"/>
            <line number="12" hits="1"/>
            <line number="13" hits="10"/>
            <line number="14" hits="10"/>
            <line number="15" hits="10"/>
            <line number="16" hits="10"/>
            <line number="19" hits="1"/>
          </lines>
        </class>
        <class name="application_controller" filename="app/controllers/application_controller.rb" line-rate="0.88" complexity="0">
          <methods/>
          <lines>
            <line number="4" hits="1"/>
            <line number="6" hits="1"/>
            <line number="8" hits="1"/>
            <line number="10" hits="1"/>
            <line number="13" hits="1"/>
            <line number="15" hits="1"/>
            <line number="18" hits="1"/>
            <line number="20" hits="62"/>
            <line number="22" hits="1"/>
            <line number="26" hits="1"/>
            <line number="27" hits="0"/>
            <line number="31" hits="1"/>
            <line number="32" hits="62"/>
            <line number="33" hits="62"/>
            <line number="37" hits="1"/>
            <line number="38" hits="0"/>
          </lines>
        </class>
        <class name="application_record" filename="app/models/application_record.rb" line-rate="1.0" complexity="0">
          <methods/>
          <lines>
            <line number="4" hits="1"/>
            <line number="5" hits="1"/>
          </lines>
        </class>
        <class name="user" filename="app/models/user.rb" line-rate="1.0" complexity="0">
          <methods/>
          <lines>
            <line number="3" hits="1"/>
            <line number="6" hits="1"/>
            <line number="7" hits="1"/>
            <line number="8" hits="1"/>
            <line number="18" hits="1"/>
            <line number="21" hits="1"/>
            <line number="27" hits="1"/>
            <line number="33" hits="1"/>
            <line number="34" hits="1"/>
            <line number="45" hits="1"/>
            <line number="47" hits="1"/>
            <line number="48" hits="161"/>
            <line number="54" hits="1"/>
            <line number="55" hits="122"/>
            <line number="56" hits="122"/>
            <line number="60" hits="1"/>
            <line number="61" hits="53"/>
            <line number="65" hits="1"/>
            <line number="66" hits="3"/>
            <line number="70" hits="1"/>
            <line number="71" hits="41"/>
            <line number="74" hits="1"/>
            <line number="77" hits="1"/>
            <line number="78" hits="123"/>
          </lines>
        </class>
        <class name="token_generate_service" filename="app/services/token_generate_service.rb" line-rate="0.9" complexity="0">
          <methods/>
          <lines>
            <line number="4" hits="1"/>
            <line number="6" hits="1"/>
            <line number="8" hits="1"/>
            <line number="12" hits="1"/>
            <line number="14" hits="1"/>
            <line number="15" hits="5"/>
            <line number="19" hits="1"/>
            <line number="20" hits="3"/>
            <line number="24" hits="1"/>
            <line number="25" hits="16"/>
            <line number="29" hits="1"/>
            <line number="30" hits="12"/>
            <line number="37" hits="1"/>
            <line number="38" hits="41"/>
            <line number="42" hits="1"/>
            <line number="43" hits="0"/>
            <line number="47" hits="1"/>
            <line number="48" hits="41"/>
            <line number="52" hits="1"/>
            <line number="53" hits="0"/>
          </lines>
        </class>
        <class name="access_token" filename="app/services/user_auth/access_token.rb" line-rate="1.0" complexity="0">
          <methods/>
          <lines>
            <line number="3" hits="1"/>
            <line number="5" hits="1"/>
            <line number="7" hits="1"/>
            <line number="8" hits="1"/>
            <line number="10" hits="1"/>
            <line number="13" hits="1"/>
            <line number="14" hits="87"/>
            <line number="16" hits="23"/>
            <line number="17" hits="23"/>
            <line number="18" hits="23"/>
            <line number="19" hits="16"/>
            <line number="22" hits="64"/>
            <line number="23" hits="64"/>
            <line number="24" hits="64"/>
            <line number="25" hits="64"/>
            <line number="31" hits="1"/>
            <line number="32" hits="6"/>
            <line number="36" hits="1"/>
            <line number="37" hits="1"/>
            <line number="38" hits="1"/>
            <line number="41" hits="1"/>
            <line number="46" hits="1"/>
            <line number="47" hits="190"/>
            <line number="51" hits="1"/>
            <line number="52" hits="95"/>
            <line number="56" hits="1"/>
            <line number="57" hits="190"/>
            <line number="61" hits="1"/>
            <line number="62" hits="95"/>
            <line number="66" hits="1"/>
            <line number="67" hits="64"/>
            <line number="71" hits="1"/>
            <line number="72" hits="65"/>
            <line number="78" hits="1"/>
            <line number="79" hits="64"/>
            <line number="80" hits="64"/>
            <line number="81" hits="64"/>
            <line number="82" hits="64"/>
            <line number="83" hits="64"/>
            <line number="84" hits="64"/>
            <line number="91" hits="1"/>
            <line number="92" hits="62"/>
            <line number="96" hits="1"/>
            <line number="97" hits="31"/>
            <line number="103" hits="1"/>
            <line number="105" hits="31"/>
          </lines>
        </class>
        <class name="refresh_token" filename="app/services/user_auth/refresh_token.rb" line-rate="0.97" complexity="0">
          <methods/>
          <lines>
            <line number="3" hits="1"/>
            <line number="5" hits="1"/>
            <line number="7" hits="1"/>
            <line number="8" hits="1"/>
            <line number="10" hits="1"/>
            <line number="12" hits="1"/>
            <line number="13" hits="84"/>
            <line number="15" hits="31"/>
            <line number="17" hits="31"/>
            <line number="18" hits="22"/>
            <line number="21" hits="53"/>
            <line number="22" hits="53"/>
            <line number="23" hits="53"/>
            <line number="24" hits="53"/>
            <line number="29" hits="1"/>
            <line number="30" hits="37"/>
            <line number="31" hits="37"/>
            <line number="34" hits="1"/>
            <line number="37" hits="1"/>
            <line number="38" hits="53"/>
            <line number="42" hits="1"/>
            <line number="43" hits="53"/>
            <line number="49" hits="1"/>
            <line number="50" hits="53"/>
            <line number="54" hits="1"/>
            <line number="56" hits="53"/>
            <line number="63" hits="1"/>
            <line number="64" hits="52"/>
            <line number="68" hits="1"/>
            <line number="69" hits="53"/>
            <line number="75" hits="1"/>
            <line number="76" hits="28"/>
            <line number="77" hits="28"/>
            <line number="78" hits="28"/>
            <line number="80" hits="0"/>
            <line number="86" hits="1"/>
            <line number="88" hits="32"/>
            <line number="90" hits="28"/>
          </lines>
        </class>
        <class name="token_commons" filename="app/services/user_auth/token_commons.rb" line-rate="1.0" complexity="0">
          <methods/>
          <lines>
            <line number="3" hits="1"/>
            <line number="5" hits="1"/>
            <line number="7" hits="1"/>
            <line number="8" hits="173"/>
            <line number="12" hits="1"/>
            <line number="13" hits="55"/>
            <line number="17" hits="1"/>
            <line number="18" hits="299"/>
            <line number="22" hits="1"/>
            <line number="23" hits="186"/>
            <line number="27" hits="1"/>
            <line number="28" hits="66"/>
            <line number="35" hits="1"/>
            <line number="36" hits="158"/>
            <line number="37" hits="158"/>
            <line number="38" hits="158"/>
            <line number="39" hits="158"/>
            <line number="43" hits="1"/>
            <line number="44" hits="118"/>
            <line number="46" hits="114"/>
            <line number="50" hits="1"/>
            <line number="51" hits="45"/>
            <line number="53" hits="44"/>
            <line number="55" hits="1"/>
            <line number="60" hits="1"/>
            <line number="62" hits="118"/>
          </lines>
        </class>
        <class name="user_authenticate_service" filename="app/services/user_authenticate_service.rb" line-rate="0.94" complexity="0">
          <methods/>
          <lines>
            <line number="4" hits="1"/>
            <line number="7" hits="1"/>
            <line number="8" hits="0"/>
            <line number="15" hits="1"/>
            <line number="16" hits="3"/>
            <line number="19" hits="1"/>
            <line number="22" hits="1"/>
            <line number="23" hits="17"/>
            <line number="27" hits="1"/>
            <line number="28" hits="3"/>
            <line number="31" hits="2"/>
            <line number="35" hits="1"/>
            <line number="36" hits="14"/>
            <line number="38" hits="14"/>
            <line number="42" hits="1"/>
            <line number="43" hits="2"/>
            <line number="44" hits="2"/>
          </lines>
        </class>
        <class name="user_sessionize_service" filename="app/services/user_sessionize_service.rb" line-rate="1.0" complexity="0">
          <methods/>
          <lines>
            <line number="4" hits="1"/>
            <line number="6" hits="1"/>
            <line number="7" hits="19"/>
            <line number="11" hits="1"/>
            <line number="12" hits="132"/>
            <line number="16" hits="1"/>
            <line number="17" hits="52"/>
            <line number="20" hits="1"/>
            <line number="23" hits="1"/>
            <line number="24" hits="37"/>
            <line number="28" hits="1"/>
            <line number="29" hits="12"/>
            <line number="32" hits="4"/>
            <line number="35" hits="2"/>
            <line number="39" hits="1"/>
            <line number="40" hits="25"/>
            <line number="42" hits="18"/>
            <line number="46" hits="1"/>
            <line number="47" hits="4"/>
            <line number="48" hits="4"/>
            <line number="52" hits="1"/>
            <line number="53" hits="9"/>
            <line number="54" hits="9"/>
          </lines>
        </class>
        <class name="application" filename="config/application.rb" line-rate="1.0" complexity="0">
          <methods/>
          <lines>
            <line number="3" hits="1"/>
            <line number="5" hits="1"/>
            <line number="9" hits="1"/>
            <line number="11" hits="1"/>
            <line number="13" hits="1"/>
            <line number="15" hits="1"/>
            <line number="27" hits="1"/>
            <line number="29" hits="1"/>
            <line number="31" hits="1"/>
            <line number="34" hits="1"/>
            <line number="39" hits="1"/>
            <line number="42" hits="1"/>
            <line number="45" hits="1"/>
          </lines>
        </class>
        <class name="boot" filename="config/boot.rb" line-rate="1.0" complexity="0">
          <methods/>
          <lines>
            <line number="3" hits="1"/>
            <line number="5" hits="1"/>
            <line number="6" hits="1"/>
          </lines>
        </class>
        <class name="environment" filename="config/environment.rb" line-rate="1.0" complexity="0">
          <methods/>
          <lines>
            <line number="4" hits="1"/>
            <line number="7" hits="1"/>
          </lines>
        </class>
        <class name="test" filename="config/environments/test.rb" line-rate="1.0" complexity="0">
          <methods/>
          <lines>
            <line number="3" hits="1"/>
            <line number="10" hits="1"/>
            <line number="14" hits="1"/>
            <line number="19" hits="1"/>
            <line number="22" hits="1"/>
            <line number="23" hits="1"/>
            <line number="28" hits="1"/>
            <line number="29" hits="1"/>
            <line number="30" hits="1"/>
            <line number="33" hits="1"/>
            <line number="36" hits="1"/>
            <line number="39" hits="1"/>
            <line number="41" hits="1"/>
            <line number="46" hits="1"/>
            <line number="49" hits="1"/>
            <line number="52" hits="1"/>
            <line number="55" hits="1"/>
          </lines>
        </class>
        <class name="cors" filename="config/initializers/cors.rb" line-rate="1.0" complexity="0">
          <methods/>
          <lines>
            <line number="10" hits="1"/>
            <line number="11" hits="1"/>
            <line number="12" hits="1"/>
            <line number="14" hits="1"/>
          </lines>
        </class>
        <class name="filter_parameter_logging" filename="config/initializers/filter_parameter_logging.rb" line-rate="1.0" complexity="0">
          <methods/>
          <lines>
            <line number="8" hits="1"/>
          </lines>
        </class>
        <class name="inflections" filename="config/initializers/inflections.rb" line-rate="1.0" complexity="0">
          <methods/>
          <lines/>
        </class>
        <class name="user_auth" filename="config/initializers/user_auth.rb" line-rate="1.0" complexity="0">
          <methods/>
          <lines>
            <line number="4" hits="1"/>
            <line number="6" hits="1"/>
            <line number="7" hits="1"/>
            <line number="11" hits="1"/>
            <line number="12" hits="1"/>
            <line number="15" hits="1"/>
            <line number="16" hits="1"/>
            <line number="19" hits="1"/>
            <line number="20" hits="1"/>
            <line number="23" hits="1"/>
            <line number="24" hits="1"/>
            <line number="27" hits="1"/>
            <line number="28" hits="1"/>
            <line number="31" hits="1"/>
            <line number="32" hits="1"/>
            <line number="35" hits="1"/>
            <line number="36" hits="1"/>
            <line number="39" hits="1"/>
            <line number="40" hits="1"/>
            <line number="43" hits="1"/>
            <line number="44" hits="1"/>
          </lines>
        </class>
        <class name="routes" filename="config/routes.rb" line-rate="1.0" complexity="0">
          <methods/>
          <lines>
            <line number="3" hits="1"/>
            <line number="8" hits="1"/>
            <line number="9" hits="1"/>
            <line number="11" hits="1"/>
            <line number="12" hits="1"/>
            <line number="13" hits="1"/>
            <line number="16" hits="1"/>
          </lines>
        </class>
        <class name="seeds" filename="db/seeds.rb" line-rate="1.0" complexity="0">
          <methods/>
          <lines>
            <line number="3" hits="1"/>
            <line number="7" hits="1"/>
            <line number="8" hits="1"/>
            <line number="11" hits="1"/>
            <line number="13" hits="1"/>
            <line number="14" hits="1"/>
          </lines>
        </class>
        <class name="users" filename="db/seeds/development/users.rb" line-rate="1.0" complexity="0">
          <methods/>
          <lines>
            <line number="3" hits="1"/>
            <line number="4" hits="10"/>
            <line number="5" hits="10"/>
            <line number="9" hits="10"/>
            <line number="11" hits="10"/>
            <line number="13" hits="10"/>
            <line number="14" hits="10"/>
            <line number="15" hits="10"/>
            <line number="18" hits="1"/>
          </lines>
        </class>
        <class name="email_validator" filename="lib/validator/email_validator.rb" line-rate="1.0" complexity="0">
          <methods/>
          <lines>
            <line number="4" hits="1"/>
            <line number="5" hits="1"/>
            <line number="7" hits="122"/>
            <line number="8" hits="122"/>
            <line number="10" hits="122"/>
            <line number="11" hits="122"/>
            <line number="13" hits="122"/>
          </lines>
        </class>
        <class name="user_spec" filename="spec/models/user_spec.rb" line-rate="1.0" complexity="0">
          <methods/>
          <lines>
            <line number="3" hits="1"/>
            <line number="5" hits="1"/>
            <line number="6" hits="1"/>
            <line number="7" hits="3"/>
            <line number="8" hits="1"/>
            <line number="9" hits="1"/>
            <line number="10" hits="1"/>
            <line number="11" hits="1"/>
            <line number="12" hits="1"/>
            <line number="15" hits="1"/>
            <line number="16" hits="1"/>
            <line number="17" hits="1"/>
            <line number="18" hits="1"/>
            <line number="19" hits="1"/>
            <line number="20" hits="1"/>
            <line number="21" hits="1"/>
            <line number="24" hits="1"/>
            <line number="25" hits="1"/>
            <line number="26" hits="1"/>
            <line number="31" hits="1"/>
            <line number="32" hits="1"/>
            <line number="36" hits="1"/>
            <line number="37" hits="7"/>
            <line number="38" hits="1"/>
            <line number="39" hits="1"/>
            <line number="40" hits="1"/>
            <line number="41" hits="1"/>
            <line number="42" hits="1"/>
            <line number="44" hits="1"/>
            <line number="45" hits="1"/>
            <line number="46" hits="1"/>
            <line number="47" hits="1"/>
            <line number="48" hits="1"/>
            <line number="49" hits="1"/>
            <line number="50" hits="1"/>
            <line number="51" hits="1"/>
            <line number="52" hits="1"/>
            <line number="55" hits="1"/>
            <line number="56" hits="1"/>
            <line number="64" hits="1"/>
            <line number="65" hits="6"/>
            <line number="67" hits="6"/>
            <line number="70" hits="1"/>
            <line number="71" hits="1"/>
            <line number="86" hits="1"/>
            <line number="87" hits="13"/>
            <line number="88" hits="13"/>
            <line number="89" hits="13"/>
            <line number="90" hits="13"/>
            <line number="94" hits="1"/>
            <line number="95" hits="1"/>
            <line number="96" hits="1"/>
            <line number="97" hits="1"/>
            <line number="98" hits="1"/>
            <line number="101" hits="1"/>
            <line number="102" hits="5"/>
            <line number="103" hits="2"/>
            <line number="104" hits="1"/>
            <line number="105" hits="1"/>
            <line number="106" hits="1"/>
            <line number="107" hits="1"/>
            <line number="108" hits="3"/>
            <line number="113" hits="1"/>
            <line number="114" hits="2"/>
            <line number="115" hits="1"/>
            <line number="116" hits="1"/>
            <line number="117" hits="1"/>
            <line number="120" hits="1"/>
            <line number="121" hits="1"/>
            <line number="122" hits="1"/>
            <line number="123" hits="1"/>
            <line number="124" hits="1"/>
            <line number="125" hits="1"/>
            <line number="129" hits="1"/>
            <line number="130" hits="3"/>
            <line number="131" hits="2"/>
            <line number="132" hits="2"/>
            <line number="133" hits="2"/>
            <line number="134" hits="1"/>
            <line number="135" hits="2"/>
            <line number="138" hits="1"/>
            <line number="139" hits="1"/>
            <line number="140" hits="1"/>
            <line number="141" hits="1"/>
            <line number="144" hits="1"/>
            <line number="145" hits="1"/>
            <line number="146" hits="1"/>
            <line number="147" hits="1"/>
            <line number="148" hits="1"/>
            <line number="149" hits="1"/>
            <line number="153" hits="1"/>
            <line number="154" hits="1"/>
            <line number="155" hits="1"/>
            <line number="156" hits="1"/>
            <line number="157" hits="1"/>
            <line number="158" hits="1"/>
            <line number="161" hits="1"/>
            <line number="162" hits="1"/>
            <line number="163" hits="1"/>
            <line number="164" hits="1"/>
            <line number="165" hits="1"/>
            <line number="166" hits="1"/>
            <line number="169" hits="1"/>
            <line number="170" hits="1"/>
            <line number="171" hits="1"/>
            <line number="172" hits="1"/>
            <line number="173" hits="1"/>
            <line number="174" hits="1"/>
            <line number="177" hits="1"/>
            <line number="178" hits="1"/>
            <line number="186" hits="1"/>
            <line number="187" hits="6"/>
            <line number="188" hits="6"/>
            <line number="191" hits="1"/>
            <line number="199" hits="1"/>
            <line number="200" hits="1"/>
            <line number="201" hits="6"/>
            <line number="202" hits="6"/>
            <line number="203" hits="6"/>
          </lines>
        </class>
        <class name="rails_helper" filename="spec/rails_helper.rb" line-rate="0.89" complexity="0">
          <methods/>
          <lines>
            <line number="4" hits="1"/>
            <line number="5" hits="1"/>
            <line number="6" hits="1"/>
            <line number="8" hits="1"/>
            <line number="9" hits="1"/>
            <line number="25" hits="2"/>
            <line number="30" hits="1"/>
            <line number="32" hits="0"/>
            <line number="33" hits="0"/>
            <line number="35" hits="1"/>
            <line number="36" hits="1"/>
            <line number="37" hits="1"/>
            <line number="40" hits="1"/>
            <line number="43" hits="1"/>
            <line number="48" hits="1"/>
            <line number="66" hits="1"/>
            <line number="69" hits="1"/>
            <line number="73" hits="1"/>
          </lines>
        </class>
        <class name="access_tokens_spec" filename="spec/requests/access_tokens_spec.rb" line-rate="1.0" complexity="0">
          <methods/>
          <lines>
            <line number="3" hits="1"/>
            <line number="5" hits="1"/>
            <line number="6" hits="20"/>
            <line number="7" hits="20"/>
            <line number="8" hits="20"/>
            <line number="9" hits="20"/>
            <line number="10" hits="1"/>
            <line number="11" hits="1"/>
            <line number="12" hits="1"/>
            <line number="13" hits="1"/>
            <line number="14" hits="1"/>
            <line number="15" hits="1"/>
            <line number="16" hits="1"/>
            <line number="18" hits="1"/>
            <line number="19" hits="1"/>
            <line number="20" hits="1"/>
            <line number="22" hits="1"/>
            <line number="23" hits="1"/>
            <line number="24" hits="1"/>
            <line number="26" hits="1"/>
            <line number="27" hits="1"/>
            <line number="28" hits="1"/>
            <line number="32" hits="1"/>
            <line number="33" hits="1"/>
            <line number="34" hits="4"/>
            <line number="35" hits="4"/>
            <line number="36" hits="1"/>
            <line number="37" hits="1"/>
            <line number="39" hits="1"/>
            <line number="40" hits="1"/>
            <line number="41" hits="1"/>
            <line number="42" hits="1"/>
            <line number="43" hits="1"/>
            <line number="45" hits="1"/>
            <line number="46" hits="1"/>
            <line number="50" hits="1"/>
            <line number="51" hits="1"/>
            <line number="52" hits="8"/>
            <line number="53" hits="8"/>
            <line number="54" hits="8"/>
            <line number="55" hits="1"/>
            <line number="56" hits="1"/>
            <line number="58" hits="1"/>
            <line number="59" hits="1"/>
            <line number="60" hits="1"/>
            <line number="61" hits="1"/>
            <line number="62" hits="1"/>
            <line number="63" hits="1"/>
            <line number="64" hits="1"/>
            <line number="65" hits="1"/>
            <line number="66" hits="1"/>
            <line number="68" hits="1"/>
            <line number="69" hits="1"/>
            <line number="70" hits="1"/>
            <line number="73" hits="1"/>
            <line number="74" hits="1"/>
            <line number="75" hits="2"/>
            <line number="78" hits="1"/>
            <line number="79" hits="2"/>
            <line number="81" hits="1"/>
            <line number="82" hits="1"/>
            <line number="83" hits="2"/>
            <line number="85" hits="1"/>
            <line number="86" hits="1"/>
            <line number="87" hits="2"/>
            <line number="91" hits="1"/>
            <line number="92" hits="1"/>
            <line number="93" hits="4"/>
            <line number="94" hits="4"/>
            <line number="95" hits="1"/>
            <line number="96" hits="1"/>
            <line number="97" hits="1"/>
            <line number="98" hits="1"/>
            <line number="100" hits="1"/>
            <line number="101" hits="1"/>
            <line number="103" hits="1"/>
            <line number="104" hits="1"/>
            <line number="105" hits="1"/>
            <line number="110" hits="1"/>
            <line number="111" hits="1"/>
            <line number="112" hits="1"/>
            <line number="113" hits="2"/>
            <line number="115" hits="3"/>
            <line number="116" hits="3"/>
            <line number="117" hits="1"/>
            <line number="118" hits="1"/>
            <line number="120" hits="1"/>
            <line number="121" hits="1"/>
          </lines>
        </class>
        <class name="auth_token_spec" filename="spec/requests/api/v1/auth_token_spec.rb" line-rate="1.0" complexity="0">
          <methods/>
          <lines>
            <line number="3" hits="1"/>
            <line number="9" hits="1"/>
            <line number="10" hits="34"/>
            <line number="11" hits="34"/>
            <line number="12" hits="34"/>
            <line number="13" hits="34"/>
            <line number="14" hits="34"/>
            <line number="15" hits="34"/>
            <line number="18" hits="1"/>
            <line number="22" hits="1"/>
            <line number="23" hits="4"/>
            <line number="24" hits="4"/>
            <line number="25" hits="4"/>
            <line number="26" hits="4"/>
            <line number="27" hits="4"/>
            <line number="31" hits="1"/>
            <line number="32" hits="1"/>
            <line number="33" hits="3"/>
            <line number="34" hits="2"/>
            <line number="35" hits="3"/>
            <line number="36" hits="2"/>
            <line number="38" hits="4"/>
            <line number="40" hits="4"/>
            <line number="41" hits="4"/>
            <line number="43" hits="1"/>
            <line number="44" hits="12"/>
            <line number="47" hits="1"/>
            <line number="48" hits="1"/>
            <line number="51" hits="1"/>
            <line number="52" hits="1"/>
            <line number="53" hits="1"/>
            <line number="56" hits="1"/>
            <line number="57" hits="1"/>
            <line number="60" hits="1"/>
            <line number="61" hits="1"/>
            <line number="64" hits="1"/>
            <line number="65" hits="1"/>
            <line number="68" hits="1"/>
            <line number="69" hits="1"/>
            <line number="72" hits="1"/>
            <line number="73" hits="1"/>
            <line number="76" hits="1"/>
            <line number="78" hits="1"/>
            <line number="81" hits="1"/>
            <line number="82" hits="1"/>
            <line number="85" hits="1"/>
            <line number="86" hits="4"/>
            <line number="87" hits="1"/>
            <line number="88" hits="1"/>
            <line number="91" hits="1"/>
            <line number="92" hits="1"/>
            <line number="95" hits="1"/>
            <line number="96" hits="1"/>
            <line number="102" hits="1"/>
            <line number="103" hits="3"/>
            <line number="104" hits="1"/>
            <line number="105" hits="2"/>
            <line number="107" hits="2"/>
            <line number="109" hits="1"/>
            <line number="110" hits="1"/>
            <line number="113" hits="1"/>
            <line number="114" hits="2"/>
            <line number="115" hits="2"/>
            <line number="117" hits="2"/>
            <line number="119" hits="1"/>
            <line number="120" hits="1"/>
            <line number="121" hits="1"/>
            <line number="125" hits="1"/>
            <line number="126" hits="1"/>
            <line number="127" hits="1"/>
            <line number="130" hits="1"/>
            <line number="131" hits="1"/>
            <line number="135" hits="1"/>
            <line number="136" hits="1"/>
            <line number="137" hits="1"/>
            <line number="138" hits="6"/>
            <line number="139" hits="6"/>
            <line number="140" hits="6"/>
            <line number="141" hits="6"/>
            <line number="142" hits="6"/>
            <line number="145" hits="1"/>
            <line number="146" hits="1"/>
            <line number="148" hits="1"/>
            <line number="149" hits="1"/>
            <line number="150" hits="1"/>
            <line number="151" hits="1"/>
            <line number="154" hits="1"/>
            <line number="155" hits="2"/>
            <line number="156" hits="1"/>
            <line number="157" hits="4"/>
            <line number="158" hits="4"/>
            <line number="159" hits="4"/>
            <line number="160" hits="4"/>
            <line number="161" hits="4"/>
            <line number="164" hits="1"/>
            <line number="165" hits="1"/>
            <line number="168" hits="1"/>
            <line number="169" hits="1"/>
            <line number="170" hits="1"/>
            <line number="171" hits="1"/>
            <line number="174" hits="1"/>
            <line number="175" hits="1"/>
            <line number="176" hits="1"/>
            <line number="177" hits="1"/>
            <line number="180" hits="1"/>
            <line number="181" hits="1"/>
            <line number="187" hits="1"/>
            <line number="188" hits="1"/>
            <line number="189" hits="6"/>
            <line number="192" hits="1"/>
            <line number="193" hits="1"/>
            <line number="196" hits="1"/>
            <line number="197" hits="1"/>
            <line number="198" hits="5"/>
            <line number="199" hits="5"/>
            <line number="200" hits="5"/>
            <line number="201" hits="5"/>
            <line number="202" hits="5"/>
            <line number="204" hits="1"/>
            <line number="205" hits="1"/>
            <line number="207" hits="1"/>
            <line number="208" hits="5"/>
            <line number="209" hits="1"/>
            <line number="210" hits="1"/>
            <line number="212" hits="1"/>
            <line number="213" hits="1"/>
            <line number="215" hits="1"/>
            <line number="216" hits="1"/>
            <line number="218" hits="1"/>
            <line number="219" hits="1"/>
            <line number="220" hits="1"/>
            <line number="221" hits="1"/>
            <line number="222" hits="1"/>
            <line number="229" hits="1"/>
            <line number="230" hits="1"/>
            <line number="231" hits="1"/>
            <line number="232" hits="5"/>
            <line number="233" hits="1"/>
            <line number="234" hits="1"/>
            <line number="235" hits="1"/>
            <line number="236" hits="1"/>
            <line number="237" hits="1"/>
            <line number="238" hits="1"/>
            <line number="241" hits="1"/>
            <line number="242" hits="3"/>
            <line number="243" hits="1"/>
            <line number="244" hits="1"/>
            <line number="245" hits="1"/>
            <line number="248" hits="1"/>
            <line number="249" hits="1"/>
            <line number="250" hits="1"/>
            <line number="253" hits="1"/>
            <line number="254" hits="1"/>
            <line number="255" hits="1"/>
            <line number="256" hits="1"/>
            <line number="259" hits="1"/>
            <line number="260" hits="1"/>
            <line number="265" hits="1"/>
            <line number="266" hits="3"/>
            <line number="268" hits="1"/>
            <line number="269" hits="1"/>
            <line number="270" hits="1"/>
            <line number="271" hits="1"/>
            <line number="274" hits="1"/>
            <line number="275" hits="1"/>
            <line number="276" hits="1"/>
            <line number="277" hits="1"/>
            <line number="278" hits="1"/>
          </lines>
        </class>
        <class name="projects_spec" filename="spec/requests/api/v1/projects_spec.rb" line-rate="1.0" complexity="0">
          <methods/>
          <lines>
            <line number="3" hits="1"/>
            <line number="5" hits="1"/>
            <line number="6" hits="1"/>
            <line number="7" hits="1"/>
          </lines>
        </class>
        <class name="users_spec" filename="spec/requests/api/v1/users_spec.rb" line-rate="0.5" complexity="0">
          <methods/>
          <lines>
            <line number="3" hits="1"/>
            <line number="6" hits="1"/>
            <line number="7" hits="1"/>
            <line number="8" hits="1"/>
            <line number="9" hits="1"/>
            <line number="10" hits="0"/>
            <line number="12" hits="1"/>
            <line number="13" hits="0"/>
            <line number="14" hits="0"/>
            <line number="15" hits="0"/>
            <line number="16" hits="0"/>
            <line number="17" hits="0"/>
          </lines>
        </class>
        <class name="authentications_spec" filename="spec/requests/authentications_spec.rb" line-rate="1.0" complexity="0">
          <methods/>
          <lines>
            <line number="3" hits="1"/>
            <line number="5" hits="1"/>
            <line number="6" hits="1"/>
            <line number="7" hits="4"/>
            <line number="8" hits="4"/>
            <line number="9" hits="2"/>
            <line number="10" hits="2"/>
            <line number="11" hits="4"/>
            <line number="12" hits="4"/>
            <line number="13" hits="2"/>
            <line number="15" hits="1"/>
            <line number="16" hits="1"/>
            <line number="17" hits="3"/>
            <line number="20" hits="1"/>
            <line number="21" hits="1"/>
            <line number="22" hits="1"/>
            <line number="23" hits="1"/>
            <line number="26" hits="1"/>
            <line number="27" hits="1"/>
            <line number="28" hits="1"/>
            <line number="29" hits="1"/>
            <line number="30" hits="1"/>
            <line number="31" hits="1"/>
            <line number="32" hits="1"/>
            <line number="36" hits="1"/>
            <line number="37" hits="1"/>
            <line number="38" hits="1"/>
            <line number="39" hits="1"/>
          </lines>
        </class>
        <class name="refresh_tokens_spec" filename="spec/requests/refresh_tokens_spec.rb" line-rate="1.0" complexity="0">
          <methods/>
          <lines>
            <line number="3" hits="1"/>
            <line number="5" hits="1"/>
            <line number="6" hits="12"/>
            <line number="7" hits="12"/>
            <line number="8" hits="12"/>
            <line number="9" hits="12"/>
            <line number="10" hits="12"/>
            <line number="11" hits="1"/>
            <line number="12" hits="1"/>
            <line number="13" hits="1"/>
            <line number="15" hits="1"/>
            <line number="17" hits="1"/>
            <line number="18" hits="1"/>
            <line number="19" hits="1"/>
            <line number="20" hits="1"/>
            <line number="23" hits="1"/>
            <line number="24" hits="1"/>
            <line number="25" hits="1"/>
            <line number="28" hits="1"/>
            <line number="29" hits="1"/>
            <line number="30" hits="4"/>
            <line number="32" hits="1"/>
            <line number="33" hits="1"/>
            <line number="35" hits="1"/>
            <line number="36" hits="1"/>
            <line number="37" hits="1"/>
            <line number="38" hits="1"/>
            <line number="40" hits="1"/>
            <line number="41" hits="1"/>
            <line number="42" hits="2"/>
            <line number="45" hits="1"/>
            <line number="46" hits="1"/>
            <line number="47" hits="2"/>
            <line number="50" hits="1"/>
            <line number="51" hits="1"/>
            <line number="52" hits="4"/>
            <line number="55" hits="1"/>
            <line number="56" hits="1"/>
            <line number="58" hits="1"/>
            <line number="59" hits="1"/>
            <line number="61" hits="1"/>
            <line number="62" hits="1"/>
            <line number="63" hits="2"/>
            <line number="65" hits="1"/>
            <line number="66" hits="1"/>
            <line number="67" hits="1"/>
            <line number="68" hits="1"/>
            <line number="69" hits="2"/>
          </lines>
        </class>
        <class name="spec_helper" filename="spec/support/spec_helper.rb" line-rate="1.0" complexity="0">
          <methods/>
          <lines>
            <line number="4" hits="1"/>
            <line number="5" hits="1"/>
            <line number="6" hits="74"/>
            <line number="10" hits="1"/>
            <line number="11" hits="62"/>
            <line number="15" hits="1"/>
            <line number="16" hits="3"/>
            <line number="20" hits="1"/>
            <line number="21" hits="39"/>
            <line number="25" hits="1"/>
            <line number="26" hits="4"/>
            <line number="30" hits="1"/>
            <line number="31" hits="20"/>
            <line number="35" hits="1"/>
            <line number="36" hits="15"/>
            <line number="40" hits="1"/>
            <line number="41" hits="3"/>
          </lines>
        </class>
      </classes>
    </package>
  </packages>
</coverage>